#
# There is insufficient memory for the Java Runtime Environment to continue.
# Native memory allocation (malloc) failed to allocate 918656 bytes for Chunk::new
# Possible reasons:
#   The system is out of physical RAM or swap space
#   In 32 bit mode, the process size limit was hit
# Possible solutions:
#   Reduce memory load on the system
#   Increase physical memory or swap space
#   Check if swap backing store is full
#   Use 64 bit Java on a 64 bit OS
#   Decrease Java heap size (-Xmx/-Xms)
#   Decrease number of Java threads
#   Decrease Java thread stack sizes (-Xss)
#   Set larger code cache with -XX:ReservedCodeCacheSize=
# This output file may be truncated or incomplete.
#
#  Out of Memory Error (allocation.cpp:323), pid=3664, tid=17848
#
# JRE version: Java(TM) SE Runtime Environment (7.0_75-b13) (build 1.7.0_75-b13)
# Java VM: Java HotSpot(TM) 64-Bit Server VM (24.75-b04 mixed mode windows-amd64 compressed oops)
# Failed to write core dump. Minidumps are not enabled by default on client versions of Windows
#

---------------  T H R E A D  ---------------

Current thread (0x000000000249b800):  JavaThread "C2 CompilerThread1" daemon [_thread_in_native, id=17848, stack(0x000000000b520000,0x000000000b620000)]

Stack: [0x000000000b520000,0x000000000b620000]

Current CompileTask:
C2: 540146 2385             com.sun.tools.javac.jvm.ClassWriter::writeCode (823 bytes)


---------------  P R O C E S S  ---------------

Java Threads: ( => current thread )
  0x000000000ce6d000 JavaThread "stdout" [_thread_in_native, id=22580, stack(0x000000000db60000,0x000000000dc60000)]
  0x000000000cf9b000 JavaThread "stderr" [_thread_in_native, id=14360, stack(0x000000000da60000,0x000000000db60000)]
  0x000000000cf9d800 JavaThread "Stdin handler" [_thread_blocked, id=23936, stack(0x0000000000410000,0x0000000000510000)]
  0x000000000cf9a800 JavaThread "Cancel handler" [_thread_blocked, id=20012, stack(0x0000000000210000,0x0000000000310000)]
  0x000000000cf99000 JavaThread "Handler for socket connection from /127.0.0.1:8524 to /127.0.0.1:8769" [_thread_in_native, id=17080, stack(0x0000000000110000,0x0000000000210000)]
  0x000000000cf98000 JavaThread "Daemon worker Thread 4" [_thread_blocked, id=22604, stack(0x0000000000310000,0x0000000000410000)]
  0x000000000cf9f000 JavaThread "Daemon Thread 4" [_thread_blocked, id=15072, stack(0x0000000000010000,0x0000000000110000)]
  0x000000000c03f000 JavaThread "File lock request listener" [_thread_in_native, id=19076, stack(0x000000000df60000,0x000000000e060000)]
  0x000000000bdfe000 JavaThread "Incoming local TCP Connector on port 8524" [_thread_in_native, id=22672, stack(0x000000000d960000,0x000000000da60000)]
  0x000000000ae49000 JavaThread "Service Thread" daemon [_thread_blocked, id=18912, stack(0x000000000b620000,0x000000000b720000)]
=>0x000000000249b800 JavaThread "C2 CompilerThread1" daemon [_thread_in_native, id=17848, stack(0x000000000b520000,0x000000000b620000)]
  0x0000000002499000 JavaThread "C2 CompilerThread0" daemon [_thread_in_native, id=22260, stack(0x000000000b420000,0x000000000b520000)]
  0x0000000002498800 JavaThread "Attach Listener" daemon [_thread_blocked, id=20572, stack(0x000000000b320000,0x000000000b420000)]
  0x0000000002493800 JavaThread "Signal Dispatcher" daemon [_thread_blocked, id=11384, stack(0x000000000b220000,0x000000000b320000)]
  0x0000000008e41000 JavaThread "Finalizer" daemon [_thread_blocked, id=21380, stack(0x000000000ad20000,0x000000000ae20000)]
  0x0000000008e3a800 JavaThread "Reference Handler" daemon [_thread_blocked, id=15916, stack(0x000000000ac20000,0x000000000ad20000)]
  0x00000000023a2800 JavaThread "main" [_thread_blocked, id=18308, stack(0x0000000002250000,0x0000000002350000)]

Other Threads:
  0x0000000008e35800 VMThread [stack: 0x000000000ab20000,0x000000000ac20000] [id=22980]
  0x000000000ae55000 WatcherThread [stack: 0x000000000b820000,0x000000000b920000] [id=19080]

VM state:not at safepoint (normal execution)

VM Mutex/Monitor currently owned by a thread: None

Heap
 PSYoungGen      total 290816K, used 237778K [0x00000000eaa80000, 0x0000000100000000, 0x0000000100000000)
  eden space 256512K, 92% used [0x00000000eaa80000,0x00000000f92b49b8,0x00000000fa500000)
  from space 34304K, 0% used [0x00000000fa500000,0x00000000fa500000,0x00000000fc680000)
  to   space 49152K, 0% used [0x00000000fd000000,0x00000000fd000000,0x0000000100000000)
 ParOldGen       total 154112K, used 136700K [0x00000000c0000000, 0x00000000c9680000, 0x00000000eaa80000)
  object space 154112K, 88% used [0x00000000c0000000,0x00000000c857f290,0x00000000c9680000)
 PSPermGen       total 139264K, used 100397K [0x00000000b0000000, 0x00000000b8800000, 0x00000000c0000000)
  object space 139264K, 72% used [0x00000000b0000000,0x00000000b620b6c0,0x00000000b8800000)

Card table byte_map: [0x0000000005560000,0x00000000057f0000] byte_map_base: 0x0000000004fe0000

Polling page: 0x0000000000a00000

Code Cache  [0x00000000024a0000, 0x0000000002d20000, 0x00000000054a0000)
 total_blobs=2818 nmethods=2162 adapters=607 free_code_cache=40614Kb largest_free_block=41469376

Compilation events (10 events):
Event: 539.981 Thread 0x000000000249b800 nmethod 2380 0x0000000002d00a50 code [0x0000000002d00b80, 0x0000000002d00c18]
Event: 539.981 Thread 0x000000000249b800 2381             com.sun.tools.javac.comp.Check::firstUndef (220 bytes)
Event: 540.021 Thread 0x000000000249b800 nmethod 2381 0x0000000002d0f910 code [0x0000000002d0fcc0, 0x0000000002d11458]
Event: 540.022 Thread 0x000000000249b800 2382             com.sun.tools.javac.util.ByteBuffer::reset (6 bytes)
Event: 540.022 Thread 0x000000000249b800 nmethod 2382 0x0000000002d01ad0 code [0x0000000002d01c00, 0x0000000002d01c58]
Event: 540.023 Thread 0x000000000249b800 2383             com.sun.tools.javac.jvm.Gen::checkDimension (118 bytes)
Event: 540.031 Thread 0x000000000249b800 nmethod 2383 0x0000000002d08110 code [0x0000000002d08320, 0x0000000002d08b90]
Event: 540.031 Thread 0x000000000249b800 2384             com.sun.tools.javac.util.ByteBuffer::toName (14 bytes)
Event: 540.032 Thread 0x000000000249b800 nmethod 2384 0x0000000002d01750 code [0x0000000002d018a0, 0x0000000002d01988]
Event: 540.032 Thread 0x000000000249b800 2385             com.sun.tools.javac.jvm.ClassWriter::writeCode (823 bytes)

GC Heap History (10 events):
Event: 268.377 GC heap before
{Heap before GC invocations=21 (full 2):
 PSYoungGen      total 293376K, used 93362K [0x00000000eaa80000, 0x0000000100000000, 0x0000000100000000)
  eden space 255488K, 21% used [0x00000000eaa80000,0x00000000ee0acca8,0x00000000fa400000)
  from space 37888K, 99% used [0x00000000fdb00000,0x00000000fffffdd0,0x0000000100000000)
  to   space 47104K, 0% used [0x00000000fa400000,0x00000000fa400000,0x00000000fd200000)
 ParOldGen       total 154112K, used 92943K [0x00000000c0000000, 0x00000000c9680000, 0x00000000eaa80000)
  object space 154112K, 60% used [0x00000000c0000000,0x00000000c5ac3c18,0x00000000c9680000)
 PSPermGen       total 109056K, used 80172K [0x00000000b0000000, 0x00000000b6a80000, 0x00000000c0000000)
  object space 109056K, 73% used [0x00000000b0000000,0x00000000b4e4b260,0x00000000b6a80000)
Event: 268.396 GC heap after
Heap after GC invocations=21 (full 2):
 PSYoungGen      total 302592K, used 3818K [0x00000000eaa80000, 0x0000000100000000, 0x0000000100000000)
  eden space 255488K, 0% used [0x00000000eaa80000,0x00000000eaa80000,0x00000000fa400000)
  from space 47104K, 8% used [0x00000000fa400000,0x00000000fa7baaa0,0x00000000fd200000)
  to   space 46080K, 0% used [0x00000000fd300000,0x00000000fd300000,0x0000000100000000)
 ParOldGen       total 154112K, used 126466K [0x00000000c0000000, 0x00000000c9680000, 0x00000000eaa80000)
  object space 154112K, 82% used [0x00000000c0000000,0x00000000c7b809a8,0x00000000c9680000)
 PSPermGen       total 109056K, used 80172K [0x00000000b0000000, 0x00000000b6a80000, 0x00000000c0000000)
  object space 109056K, 73% used [0x00000000b0000000,0x00000000b4e4b260,0x00000000b6a80000)
}
Event: 268.396 GC heap before
{Heap before GC invocations=22 (full 3):
 PSYoungGen      total 302592K, used 3818K [0x00000000eaa80000, 0x0000000100000000, 0x0000000100000000)
  eden space 255488K, 0% used [0x00000000eaa80000,0x00000000eaa80000,0x00000000fa400000)
  from space 47104K, 8% used [0x00000000fa400000,0x00000000fa7baaa0,0x00000000fd200000)
  to   space 46080K, 0% used [0x00000000fd300000,0x00000000fd300000,0x0000000100000000)
 ParOldGen       total 154112K, used 126466K [0x00000000c0000000, 0x00000000c9680000, 0x00000000eaa80000)
  object space 154112K, 82% used [0x00000000c0000000,0x00000000c7b809a8,0x00000000c9680000)
 PSPermGen       total 109056K, used 80172K [0x00000000b0000000, 0x00000000b6a80000, 0x00000000c0000000)
  object space 109056K, 73% used [0x00000000b0000000,0x00000000b4e4b260,0x00000000b6a80000)
Event: 269.138 GC heap after
Heap after GC invocations=22 (full 3):
 PSYoungGen      total 302592K, used 0K [0x00000000eaa80000, 0x0000000100000000, 0x0000000100000000)
  eden space 255488K, 0% used [0x00000000eaa80000,0x00000000eaa80000,0x00000000fa400000)
  from space 47104K, 0% used [0x00000000fa400000,0x00000000fa400000,0x00000000fd200000)
  to   space 46080K, 0% used [0x00000000fd300000,0x00000000fd300000,0x0000000100000000)
 ParOldGen       total 154112K, used 105624K [0x00000000c0000000, 0x00000000c9680000, 0x00000000eaa80000)
  object space 154112K, 68% used [0x00000000c0000000,0x00000000c67263a0,0x00000000c9680000)
 PSPermGen       total 126464K, used 80050K [0x00000000b0000000, 0x00000000b7b80000, 0x00000000c0000000)
  object space 126464K, 63% used [0x00000000b0000000,0x00000000b4e2cbc0,0x00000000b7b80000)
}
Event: 518.338 GC heap before
{Heap before GC invocations=23 (full 3):
 PSYoungGen      total 302592K, used 255488K [0x00000000eaa80000, 0x0000000100000000, 0x0000000100000000)
  eden space 255488K, 100% used [0x00000000eaa80000,0x00000000fa400000,0x00000000fa400000)
  from space 47104K, 0% used [0x00000000fa400000,0x00000000fa400000,0x00000000fd200000)
  to   space 46080K, 0% used [0x00000000fd300000,0x00000000fd300000,0x0000000100000000)
 ParOldGen       total 154112K, used 105624K [0x00000000c0000000, 0x00000000c9680000, 0x00000000eaa80000)
  object space 154112K, 68% used [0x00000000c0000000,0x00000000c67263a0,0x00000000c9680000)
 PSPermGen       total 126464K, used 86932K [0x00000000b0000000, 0x00000000b7b80000, 0x00000000c0000000)
  object space 126464K, 68% used [0x00000000b0000000,0x00000000b54e5078,0x00000000b7b80000)
Event: 518.350 GC heap after
Heap after GC invocations=23 (full 3):
 PSYoungGen      total 300544K, used 21432K [0x00000000eaa80000, 0x00000000ffe00000, 0x0000000100000000)
  eden space 256512K, 0% used [0x00000000eaa80000,0x00000000eaa80000,0x00000000fa500000)
  from space 44032K, 48% used [0x00000000fd300000,0x00000000fe7ee250,0x00000000ffe00000)
  to   space 45568K, 0% used [0x00000000fa500000,0x00000000fa500000,0x00000000fd180000)
 ParOldGen       total 154112K, used 105624K [0x00000000c0000000, 0x00000000c9680000, 0x00000000eaa80000)
  object space 154112K, 68% used [0x00000000c0000000,0x00000000c67263a0,0x00000000c9680000)
 PSPermGen       total 126464K, used 86932K [0x00000000b0000000, 0x00000000b7b80000, 0x00000000c0000000)
  object space 126464K, 68% used [0x00000000b0000000,0x00000000b54e5078,0x00000000b7b80000)
}
Event: 520.118 GC heap before
{Heap before GC invocations=24 (full 3):
 PSYoungGen      total 300544K, used 209645K [0x00000000eaa80000, 0x00000000ffe00000, 0x0000000100000000)
  eden space 256512K, 73% used [0x00000000eaa80000,0x00000000f624d1e8,0x00000000fa500000)
  from space 44032K, 48% used [0x00000000fd300000,0x00000000fe7ee250,0x00000000ffe00000)
  to   space 45568K, 0% used [0x00000000fa500000,0x00000000fa500000,0x00000000fd180000)
 ParOldGen       total 154112K, used 105624K [0x00000000c0000000, 0x00000000c9680000, 0x00000000eaa80000)
  object space 154112K, 68% used [0x00000000c0000000,0x00000000c67263a0,0x00000000c9680000)
 PSPermGen       total 126464K, used 93573K [0x00000000b0000000, 0x00000000b7b80000, 0x00000000c0000000)
  object space 126464K, 73% used [0x00000000b0000000,0x00000000b5b617d8,0x00000000b7b80000)
Event: 520.136 GC heap after
Heap after GC invocations=24 (full 3):
 PSYoungGen      total 290816K, used 34230K [0x00000000eaa80000, 0x0000000100000000, 0x0000000100000000)
  eden space 256512K, 0% used [0x00000000eaa80000,0x00000000eaa80000,0x00000000fa500000)
  from space 34304K, 99% used [0x00000000fa500000,0x00000000fc66d840,0x00000000fc680000)
  to   space 49152K, 0% used [0x00000000fd000000,0x00000000fd000000,0x0000000100000000)
 ParOldGen       total 154112K, used 105624K [0x00000000c0000000, 0x00000000c9680000, 0x00000000eaa80000)
  object space 154112K, 68% used [0x00000000c0000000,0x00000000c67263a0,0x00000000c9680000)
 PSPermGen       total 126464K, used 93573K [0x00000000b0000000, 0x00000000b7b80000, 0x00000000c0000000)
  object space 126464K, 73% used [0x00000000b0000000,0x00000000b5b617d8,0x00000000b7b80000)
}
Event: 520.136 GC heap before
{Heap before GC invocations=25 (full 4):
 PSYoungGen      total 290816K, used 34230K [0x00000000eaa80000, 0x0000000100000000, 0x0000000100000000)
  eden space 256512K, 0% used [0x00000000eaa80000,0x00000000eaa80000,0x00000000fa500000)
  from space 34304K, 99% used [0x00000000fa500000,0x00000000fc66d840,0x00000000fc680000)
  to   space 49152K, 0% used [0x00000000fd000000,0x00000000fd000000,0x0000000100000000)
 ParOldGen       total 154112K, used 105624K [0x00000000c0000000, 0x00000000c9680000, 0x00000000eaa80000)
  object space 154112K, 68% used [0x00000000c0000000,0x00000000c67263a0,0x00000000c9680000)
 PSPermGen       total 126464K, used 93573K [0x00000000b0000000, 0x00000000b7b80000, 0x00000000c0000000)
  object space 126464K, 73% used [0x00000000b0000000,0x00000000b5b617d8,0x00000000b7b80000)
Event: 520.969 GC heap after
Heap after GC invocations=25 (full 4):
 PSYoungGen      total 290816K, used 0K [0x00000000eaa80000, 0x0000000100000000, 0x0000000100000000)
  eden space 256512K, 0% used [0x00000000eaa80000,0x00000000eaa80000,0x00000000fa500000)
  from space 34304K, 0% used [0x00000000fa500000,0x00000000fa500000,0x00000000fc680000)
  to   space 49152K, 0% used [0x00000000fd000000,0x00000000fd000000,0x0000000100000000)
 ParOldGen       total 154112K, used 136700K [0x00000000c0000000, 0x00000000c9680000, 0x00000000eaa80000)
  object space 154112K, 88% used [0x00000000c0000000,0x00000000c857f290,0x00000000c9680000)
 PSPermGen       total 139264K, used 93495K [0x00000000b0000000, 0x00000000b8800000, 0x00000000c0000000)
  object space 139264K, 67% used [0x00000000b0000000,0x00000000b5b4de68,0x00000000b8800000)
}

Deoptimization events (10 events):
Event: 325.946 Thread 0x000000000cf9a800 Uncommon trap: reason=array_check action=maybe_recompile pc=0x0000000002c6ec38 method=java.util.TimSort.mergeHi(IIII)V @ 91
Event: 326.599 Thread 0x000000000cf9a800 Uncommon trap: reason=array_check action=maybe_recompile pc=0x0000000002c62ba4 method=java.util.ComparableTimSort.reverseRange([Ljava/lang/Object;II)V @ 27
Event: 326.602 Thread 0x000000000cf9a800 Uncommon trap: reason=array_check action=maybe_recompile pc=0x0000000002c62ba4 method=java.util.ComparableTimSort.reverseRange([Ljava/lang/Object;II)V @ 27
Event: 519.892 Thread 0x000000000cf98000 Uncommon trap: reason=null_check action=make_not_entrant pc=0x00000000027fb9b4 method=com.sun.tools.javac.jvm.ClassReader.enterClass(Lcom/sun/tools/javac/util/Name;Ljavax/tools/JavaFileObject;)Lcom/sun/tools/javac/code/Symbol$ClassSymbol; @ 10
Event: 519.923 Thread 0x000000000cf98000 Uncommon trap: reason=null_check action=make_not_entrant pc=0x0000000002b3c484 method=com.sun.tools.javac.jvm.ClassReader.readName(I)Lcom/sun/tools/javac/util/Name; @ 5
Event: 519.998 Thread 0x000000000cf98000 Uncommon trap: reason=unreached action=reinterpret pc=0x0000000002b6e930 method=com.sun.tools.javac.jvm.Pool.put(Ljava/lang/Object;)I @ 123
Event: 519.999 Thread 0x000000000cf98000 Uncommon trap: reason=unreached action=reinterpret pc=0x0000000002c26540 method=com.sun.tools.javac.jvm.ClassWriter.writePool(Lcom/sun/tools/javac/jvm/Pool;)V @ 584
Event: 520.008 Thread 0x000000000cf98000 Uncommon trap: reason=unreached action=reinterpret pc=0x0000000002c206f4 method=com.sun.tools.javac.code.Symbol$MethodSymbol.overrides(Lcom/sun/tools/javac/code/Symbol;Lcom/sun/tools/javac/code/Symbol$TypeSymbol;Lcom/sun/tools/javac/code/Types;Z)Z @ 62
Event: 539.035 Thread 0x000000000cf98000 Uncommon trap: reason=predicate action=maybe_recompile pc=0x0000000002cddd10 method=java.util.TimSort.mergeHi(IIII)V @ 180
Event: 539.781 Thread 0x000000000cf98000 Uncommon trap: reason=null_check action=make_not_entrant pc=0x0000000002cb544c method=com.sun.tools.javac.code.Types.isDerivedRaw(Lcom/sun/tools/javac/code/Type;)Z @ 10

Internal exceptions (10 events):
Event: 539.570 Thread 0x000000000cf98000 Threw 0x00000000f731dca8 at C:\re\jdk7u75\1940\hotspot\src\share\vm\prims\jvm.cpp:1281
Event: 539.570 Thread 0x000000000cf98000 Threw 0x00000000f731e190 at C:\re\jdk7u75\1940\hotspot\src\share\vm\classfile\systemDictionary.cpp:185
Event: 539.570 Thread 0x000000000cf98000 Threw 0x00000000f7323bf0 at C:\re\jdk7u75\1940\hotspot\src\share\vm\prims\jvm.cpp:1281
Event: 539.570 Thread 0x000000000cf98000 Threw 0x00000000f7324c28 at C:\re\jdk7u75\1940\hotspot\src\share\vm\prims\jvm.cpp:1281
Event: 539.570 Thread 0x000000000cf98000 Threw 0x00000000f7325a88 at C:\re\jdk7u75\1940\hotspot\src\share\vm\prims\jvm.cpp:1281
Event: 539.570 Thread 0x000000000cf98000 Threw 0x00000000f732d078 at C:\re\jdk7u75\1940\hotspot\src\share\vm\prims\jvm.cpp:1281
Event: 539.570 Thread 0x000000000cf98000 Threw 0x00000000f732d568 at C:\re\jdk7u75\1940\hotspot\src\share\vm\classfile\systemDictionary.cpp:185
Event: 539.658 Thread 0x000000000cf98000 Threw 0x00000000f766be18 at C:\re\jdk7u75\1940\hotspot\src\share\vm\prims\jvm.cpp:1281
Event: 539.658 Thread 0x000000000cf98000 Threw 0x00000000f766c978 at C:\re\jdk7u75\1940\hotspot\src\share\vm\prims\jvm.cpp:1281
Event: 539.781 Thread 0x000000000cf98000 Implicit null exception at 0x0000000002cb3987 to 0x0000000002cb5441

Events (10 events):
Event: 539.658 loading class 0x000000000d2fb4e0 done
Event: 539.781 Thread 0x000000000cf98000 Uncommon trap: trap_request=0xfffffff4 fr.pc=0x0000000002cb544c
Event: 539.781 Thread 0x000000000cf98000 DEOPT PACKING pc=0x0000000002cb544c sp=0x000000000040c2a0
Event: 539.781 Thread 0x000000000cf98000 DEOPT UNPACKING pc=0x00000000024d75a4 sp=0x000000000040c298 mode 2
Event: 539.979 Thread 0x000000000249b800 flushing nmethod 0x00000000027f9f10
Event: 540.017 Thread 0x000000000cf9b000 Thread added: 0x000000000cf9b000
Event: 540.017 Thread 0x000000000ce6d000 Thread added: 0x000000000ce6d000
Event: 540.017 Executing VM operation: RevokeBias
Event: 540.017 Executing VM operation: RevokeBias done
Event: 540.032 Thread 0x000000000249b800 flushing nmethod 0x0000000002b3c2d0


Dynamic libraries:
0x000007f67df30000 - 0x000007f67df63000 	C:\Program Files\Java\jdk1.7.0_75\bin\java.exe
0x000007fbb18e0000 - 0x000007fbb1a9e000 	C:\Windows\SYSTEM32\ntdll.dll
0x000007fbaffa0000 - 0x000007fbb00d6000 	C:\Windows\system32\KERNEL32.DLL
0x000007fbae8e0000 - 0x000007fbae9d3000 	C:\Windows\system32\KERNELBASE.dll
0x000007fbaf6e0000 - 0x000007fbaf7be000 	C:\Windows\system32\ADVAPI32.dll
0x000007fbb1470000 - 0x000007fbb15bc000 	C:\Windows\system32\USER32.dll
0x000007fbabba0000 - 0x000007fbabe09000 	C:\Windows\WinSxS\amd64_microsoft.windows.common-controls_6595b64144ccf1df_6.0.9200.16384_none_418c2a697189c07f\COMCTL32.dll
0x000007fbaf450000 - 0x000007fbaf4f5000 	C:\Windows\system32\msvcrt.dll
0x000007fbaf690000 - 0x000007fbaf6d8000 	C:\Windows\SYSTEM32\sechost.dll
0x000007fbaf7c0000 - 0x000007fbaf900000 	C:\Windows\system32\RPCRT4.dll
0x000007fbb15c0000 - 0x000007fbb1700000 	C:\Windows\system32\GDI32.dll
0x000007fbb00e0000 - 0x000007fbb0119000 	C:\Windows\system32\IMM32.DLL
0x000007fbaf0f0000 - 0x000007fbaf205000 	C:\Windows\system32\MSCTF.dll
0x000007fbae7c0000 - 0x000007fbae800000 	C:\Windows\system32\nvinitx.dll
0x0000000055e20000 - 0x0000000055ef2000 	C:\Program Files\Java\jdk1.7.0_75\jre\bin\msvcr100.dll
0x0000000056470000 - 0x0000000056c44000 	C:\Program Files\Java\jdk1.7.0_75\jre\bin\server\jvm.dll
0x000007fba5b10000 - 0x000007fba5b19000 	C:\Windows\SYSTEM32\WSOCK32.dll
0x000007fbac820000 - 0x000007fbac840000 	C:\Windows\SYSTEM32\WINMM.dll
0x000007fbafb70000 - 0x000007fbafb77000 	C:\Windows\system32\PSAPI.DLL
0x000007fbb0120000 - 0x000007fbb0178000 	C:\Windows\system32\WS2_32.dll
0x000007fbab8d0000 - 0x000007fbab902000 	C:\Windows\SYSTEM32\WINMMBASE.dll
0x000007fbafb80000 - 0x000007fbafb89000 	C:\Windows\system32\NSI.dll
0x0000000056ec0000 - 0x0000000056ecf000 	C:\Program Files\Java\jdk1.7.0_75\jre\bin\verify.dll
0x0000000056440000 - 0x0000000056468000 	C:\Program Files\Java\jdk1.7.0_75\jre\bin\java.dll
0x0000000056420000 - 0x0000000056435000 	C:\Program Files\Java\jdk1.7.0_75\jre\bin\zip.dll
0x0000000056400000 - 0x0000000056419000 	C:\Program Files\Java\jdk1.7.0_75\jre\bin\net.dll
0x000007fbae020000 - 0x000007fbae07c000 	C:\Windows\system32\mswsock.dll
0x00000000563e0000 - 0x00000000563f1000 	C:\Program Files\Java\jdk1.7.0_75\jre\bin\nio.dll
0x000007fbae080000 - 0x000007fbae09a000 	C:\Windows\SYSTEM32\CRYPTSP.dll
0x000007fbadd00000 - 0x000007fbadd49000 	C:\Windows\system32\rsaenh.dll
0x000007fbade00000 - 0x000007fbade1f000 	C:\Windows\SYSTEM32\USERENV.dll
0x000007fbae810000 - 0x000007fbae825000 	C:\Windows\SYSTEM32\profapi.dll
0x000007fbae610000 - 0x000007fbae61a000 	C:\Windows\SYSTEM32\CRYPTBASE.dll
0x000007fbae5b0000 - 0x000007fbae60c000 	C:\Windows\SYSTEM32\bcryptPrimitives.dll
0x000007fbabef0000 - 0x000007fbabf1a000 	C:\Windows\SYSTEM32\IPHLPAPI.DLL
0x000007fbabed0000 - 0x000007fbabeda000 	C:\Windows\SYSTEM32\WINNSI.DLL
0x000007fba89b0000 - 0x000007fba89c3000 	C:\Windows\SYSTEM32\dhcpcsvc6.DLL
0x000007fba8a80000 - 0x000007fba8a98000 	C:\Windows\SYSTEM32\dhcpcsvc.DLL
0x000007fba96c0000 - 0x000007fba96d2000 	C:\Users\kyle\AppData\Local\Temp\native-platform982208537524338110dir\native-platform.dll
0x000007fbafb20000 - 0x000007fbafb70000 	C:\Windows\system32\SHLWAPI.dll
0x0000000056010000 - 0x0000000056034000 	C:\Program Files\Java\jdk1.7.0_75\jre\bin\sunec.dll
0x0000000056000000 - 0x000000005600b000 	C:\Program Files\Java\jdk1.7.0_75\jre\bin\sunmscapi.dll
0x000007fbae9e0000 - 0x000007fbaebb7000 	C:\Windows\system32\CRYPT32.dll
0x000007fbae8c0000 - 0x000007fbae8d6000 	C:\Windows\system32\MSASN1.dll
0x000007fbade60000 - 0x000007fbadef8000 	C:\Windows\SYSTEM32\DNSAPI.dll
0x0000000057980000 - 0x00000000579a6000 	C:\Program Files\Bonjour\mdnsNSP.dll
0x000007fba6ba0000 - 0x000007fba6ba8000 	C:\Windows\System32\rasadhlp.dll
0x000007fba8b20000 - 0x000007fba8b7f000 	C:\Windows\System32\fwpuclnt.dll
0x000007fba6d90000 - 0x000007fba6da4000 	C:\Windows\system32\napinsp.dll
0x000007fba6d70000 - 0x000007fba6d88000 	C:\Windows\system32\pnrpnsp.dll
0x000007fbad200000 - 0x000007fbad216000 	C:\Windows\system32\NLAapi.dll
0x000007fba6d50000 - 0x000007fba6d62000 	C:\Windows\System32\winrnr.dll
0x000007fba6bd0000 - 0x000007fba6be4000 	C:\Windows\system32\wshbth.dll
0x000007fba7860000 - 0x000007fba78ff000 	C:\Windows\system32\apphelp.dll

VM Arguments:
jvm_args: -XX:MaxPermSize=256m -XX:+HeapDumpOnOutOfMemoryError -Xmx1024m -Dfile.encoding=windows-1252 -Duser.country=US -Duser.language=en -Duser.variant 
java_command: org.gradle.launcher.daemon.bootstrap.GradleDaemon 2.2.1 C:\Users\kyle\.gradle\daemon 10800000 24af3af4-6989-4250-9327-04b6729884dd -XX:MaxPermSize=256m -XX:+HeapDumpOnOutOfMemoryError -Xmx1024m -Dfile.encoding=windows-1252 -Duser.country=US -Duser.language=en -Duser.variant
Launcher Type: SUN_STANDARD

Environment Variables:
JAVA_HOME=C:\Program Files\Java\jre7
CLASSPATH=;C:\Users\kyle\Documents\Random Codes\Libspotify\include;C:\Program Files\Java\jdk1.7.0_15\bin;C:\dev\SFML-2.1\bin;C:\Users\kyle\android-sdks\platform-tools
PATH=C:\Program Files (x86)\Intel\iCLS Client\;C:\Program Files\Intel\iCLS Client\;C:\Program Files (x86)\NVIDIA Corporation\PhysX\Common;C:\Windows\system32;C:\Windows;C:\Windows\System32\Wbem;C:\Windows\System32\WindowsPowerShell\v1.0\;C:\Program Files\Lenovo\Bluetooth Software\;C:\Program Files\Lenovo\Bluetooth Software\syswow64;C:\Program Files\Intel\Intel(R) Management Engine Components\DAL;C:\Program Files\Intel\Intel(R) Management Engine Components\IPT;C:\Program Files (x86)\Intel\Intel(R) Management Engine Components\DAL;C:\Program Files (x86)\Intel\Intel(R) Management Engine Components\IPT;C:\Program Files\Microsoft SQL Server\110\Tools\Binn\;C:\Program Files (x86)\Microsoft SQL Server\100\Tools\Binn\;C:\Program Files\Microsoft SQL Server\100\Tools\Binn\;C:\Program Files\Microsoft SQL Server\100\DTS\Binn\;C:\Program Files (x86)\Windows Live\Shared;C:\Program Files (x86)\QuickTime\QTSystem\;C:\Program Files (x86)\Git\cmd;C:\Program Files\Intel\WiFi\bin\;C:\Program Files\Common Files\Intel\WirelessCommon\;C;C:\Program Files\cURL\bin;C:\MinGW\bin;C:\glassfish3\glassfish\bin;C:\glassfish3\ant\bin;C:\Program Files\Java\jdk1.7.0_15\bin;C:\Python27;C:\Users\kyle\linux\;C:\Program Files (x86)\GnuWin32\bin;C:\Program Files (x86)\Vim\vim74;C:\Program Files\Intel\WiFi\bin\;C:\Program Files\Common Files\Intel\WirelessCommon\;C:\Apache2\bin;C:\Python27\Scripts;C:\mysql\bin;C:\dev\opencv\build\x64\vc12\bin;C:\Program Files\cURL\bin;C:\dev\ParseConsole;C:\users\kyle\android-sdks\platform-tools;C:\Putty;C:\Users\kyle\AppData\Local\atom\bin
USERNAME=kyle
OS=Windows_NT
PROCESSOR_IDENTIFIER=Intel64 Family 6 Model 58 Stepping 9, GenuineIntel



---------------  S Y S T E M  ---------------

OS: Windows 8 , 64 bit Build 9200 

CPU:total 8 (4 cores per cpu, 2 threads per core) family 6 model 58 stepping 9, cmov, cx8, fxsr, mmx, sse, sse2, sse3, ssse3, sse4.1, sse4.2, popcnt, avx, aes, erms, ht, tsc, tscinvbit, tscinv

Memory: 4k page, physical 8251152k(1044988k free), swap 8251152k(5948k free)

vm_info: Java HotSpot(TM) 64-Bit Server VM (24.75-b04) for windows-amd64 JRE (1.7.0_75-b13), built on Dec 18 2014 17:15:01 by "java_re" with unknown MS VC++:1600

time: Tue Mar 31 14:52:59 2015
elapsed time: 540 seconds

